<?xml version="1.0" encoding="UTF-8"?>
<!-- Generated by org.testng.reporters.JUnitReportReporter -->
<testsuite hostname="DESKTOP-STK28R4" failures="0" tests="1" name="TestScripts.QAlegendNotePageTest" time="15.579" errors="0" timestamp="2024-12-06T14:05:21 IST" skipped="0">
  <testcase classname="TestScripts.QAlegendNotePageTest" name="editNote" time="15.579"/>
</testsuite> <!-- TestScripts.QAlegendNotePageTest -->
