<?xml version="1.0" encoding="UTF-8"?>
<!-- Generated by org.testng.reporters.JUnitReportReporter -->
<testsuite hostname="DESKTOP-STK28R4" failures="0" tests="1" name="TestScripts.QAlegendNotePageTest" time="10.658" errors="0" timestamp="2024-12-03T21:32:32 IST" skipped="0">
  <testcase classname="TestScripts.QAlegendNotePageTest" name="deleteNote" time="10.658"/>
</testsuite> <!-- TestScripts.QAlegendNotePageTest -->
