<?xml version="1.0" encoding="UTF-8"?>
<!-- Generated by org.testng.reporters.JUnitReportReporter -->
<testsuite hostname="DESKTOP-STK28R4" failures="0" tests="1" name="TestScripts.QAlegendNotePageTest" time="11.483" errors="0" timestamp="2024-12-13T12:06:20 IST" skipped="0">
  <testcase classname="TestScripts.QAlegendNotePageTest" name="addNote" time="11.483"/>
</testsuite> <!-- TestScripts.QAlegendNotePageTest -->
