<?xml version="1.0" encoding="UTF-8"?>
<!-- Generated by org.testng.reporters.JUnitReportReporter -->
<testsuite hostname="DESKTOP-STK28R4" failures="0" tests="1" name="TestScripts.QAlegendNotePageTest" time="9.954" errors="0" timestamp="2024-12-15T12:26:07 IST" skipped="0">
  <testcase classname="TestScripts.QAlegendNotePageTest" name="addNote" time="9.954"/>
</testsuite> <!-- TestScripts.QAlegendNotePageTest -->
