<?xml version="1.0" encoding="UTF-8"?>
<!-- Generated by org.testng.reporters.JUnitReportReporter -->
<testsuite hostname="DESKTOP-STK28R4" failures="0" tests="1" name="TestScripts.QAlegendNotePageTest" time="6.830" errors="0" timestamp="2024-11-27T13:50:20 IST" skipped="0">
  <testcase classname="TestScripts.QAlegendNotePageTest" name="deleteNote" time="6.830"/>
</testsuite> <!-- TestScripts.QAlegendNotePageTest -->
