<?xml version="1.0" encoding="UTF-8"?>
<!-- Generated by org.testng.reporters.JUnitReportReporter -->
<testsuite hostname="DESKTOP-STK28R4" failures="0" tests="1" name="TestScripts.QALegendEventPageTest" time="10.115" errors="0" timestamp="2024-11-25T20:51:18 IST" skipped="0">
  <testcase classname="TestScripts.QALegendEventPageTest" name="addEvent" time="10.115"/>
</testsuite> <!-- TestScripts.QALegendEventPageTest -->
