<?xml version="1.0" encoding="UTF-8"?>
<!-- Generated by org.testng.reporters.JUnitReportReporter -->
<testsuite hostname="DESKTOP-STK28R4" failures="0" tests="1" name="TestScripts.QALegendEventPageTest" time="7.297" errors="0" timestamp="2024-12-01T12:23:21 IST" skipped="0">
  <testcase classname="TestScripts.QALegendEventPageTest" name="editEvent" time="7.297"/>
</testsuite> <!-- TestScripts.QALegendEventPageTest -->
