<?xml version="1.0" encoding="UTF-8"?>
<!-- Generated by org.testng.reporters.JUnitReportReporter -->
<testsuite hostname="DESKTOP-STK28R4" failures="0" tests="1" name="TestScripts.QALegendItemPageTest" time="5.443" errors="0" timestamp="2024-11-27T17:14:26 IST" skipped="0">
  <testcase classname="TestScripts.QALegendItemPageTest" name="deleteItem" time="5.443"/>
</testsuite> <!-- TestScripts.QALegendItemPageTest -->
