<?xml version="1.0" encoding="UTF-8"?>
<!-- Generated by org.testng.reporters.JUnitReportReporter -->
<testsuite hostname="DESKTOP-STK28R4" failures="0" tests="3" name="TestScripts.QAlegendNotePageTest" time="31.912" errors="0" timestamp="2024-12-13T20:26:10 IST" skipped="0">
  <testcase classname="TestScripts.QAlegendNotePageTest" name="addNote" time="9.875"/>
  <testcase classname="TestScripts.QAlegendNotePageTest" name="deleteNote" time="9.769"/>
  <testcase classname="TestScripts.QAlegendNotePageTest" name="editNote" time="12.268"/>
</testsuite> <!-- TestScripts.QAlegendNotePageTest -->
