<?xml version="1.0" encoding="UTF-8"?>
<!-- Generated by org.testng.reporters.JUnitReportReporter -->
<testsuite hostname="DESKTOP-STK28R4" failures="0" tests="1" name="TestScripts.QAlegendNotePageTest" time="7.029" errors="0" timestamp="2024-12-01T18:45:23 IST" skipped="0">
  <testcase classname="TestScripts.QAlegendNotePageTest" name="deleteNote" time="7.029"/>
</testsuite> <!-- TestScripts.QAlegendNotePageTest -->
