<?xml version="1.0" encoding="UTF-8"?>
<!-- Generated by org.testng.reporters.JUnitReportReporter -->
<testsuite hostname="DESKTOP-STK28R4" failures="0" tests="1" name="TestScripts.QALegendClientPageTest" time="9.987" errors="0" timestamp="2024-12-06T14:06:24 IST" skipped="0">
  <testcase classname="TestScripts.QALegendClientPageTest" name="addClient" time="9.987"/>
</testsuite> <!-- TestScripts.QALegendClientPageTest -->
