<?xml version="1.0" encoding="UTF-8"?>
<!-- Generated by org.testng.reporters.JUnitReportReporter -->
<testsuite hostname="DESKTOP-STK28R4" failures="0" tests="1" name="TestScripts.QALegendAnnouncementPageTest" time="8.032" errors="0" timestamp="2024-12-13T20:26:10 IST" skipped="0">
  <testcase classname="TestScripts.QALegendAnnouncementPageTest" name="addAnnouncement" time="8.032"/>
</testsuite> <!-- TestScripts.QALegendAnnouncementPageTest -->
