<?xml version="1.0" encoding="UTF-8"?>
<!-- Generated by org.testng.reporters.JUnitReportReporter -->
<testsuite hostname="DESKTOP-STK28R4" failures="0" tests="3" name="TestScripts.QAlegendNotePageTest" time="29.799" errors="0" timestamp="2024-12-15T14:01:48 IST" skipped="0">
  <testcase classname="TestScripts.QAlegendNotePageTest" name="deleteNote" time="9.456"/>
  <testcase classname="TestScripts.QAlegendNotePageTest" name="editNote" time="11.352"/>
  <testcase classname="TestScripts.QAlegendNotePageTest" name="addNote" time="8.991"/>
</testsuite> <!-- TestScripts.QAlegendNotePageTest -->
