<?xml version="1.0" encoding="UTF-8"?>
<!-- Generated by org.testng.reporters.JUnitReportReporter -->
<testsuite hostname="DESKTOP-STK28R4" failures="0" tests="1" name="TestScripts.QALegendItemPageTest" time="10.872" errors="0" timestamp="2024-12-04T13:30:19 IST" skipped="0">
  <testcase classname="TestScripts.QALegendItemPageTest" name="editItem" time="10.872"/>
</testsuite> <!-- TestScripts.QALegendItemPageTest -->
