<?xml version="1.0" encoding="UTF-8"?>
<!-- Generated by org.testng.reporters.JUnitReportReporter -->
<testsuite hostname="DESKTOP-STK28R4" failures="0" tests="1" name="TestScripts.QALegendItemPageTest" time="9.038" errors="0" timestamp="2024-12-02T12:37:15 IST" skipped="0">
  <testcase classname="TestScripts.QALegendItemPageTest" name="deleteItem" time="9.038"/>
</testsuite> <!-- TestScripts.QALegendItemPageTest -->
