<?xml version="1.0" encoding="UTF-8"?>
<!-- Generated by org.testng.reporters.JUnitReportReporter -->
<testsuite hostname="DESKTOP-STK28R4" failures="0" tests="1" name="TestScripts.QALegendLoginPageTest" time="5.941" errors="0" timestamp="2024-12-15T14:01:48 IST" skipped="0">
  <testcase classname="TestScripts.QALegendLoginPageTest" name="invalidLogin" time="5.941"/>
</testsuite> <!-- TestScripts.QALegendLoginPageTest -->
