<?xml version="1.0" encoding="UTF-8"?>
<!-- Generated by org.testng.reporters.JUnitReportReporter -->
<testsuite hostname="DESKTOP-STK28R4" failures="0" tests="1" name="TestScripts.QALegendAnnouncementPageTest" time="7.746" errors="0" timestamp="2024-12-15T14:01:48 IST" skipped="0">
  <testcase classname="TestScripts.QALegendAnnouncementPageTest" name="addAnnouncement" time="7.746"/>
</testsuite> <!-- TestScripts.QALegendAnnouncementPageTest -->
