<?xml version="1.0" encoding="UTF-8"?>
<!-- Generated by org.testng.reporters.JUnitReportReporter -->
<testsuite hostname="DESKTOP-STK28R4" failures="0" tests="3" name="TestScripts.QALegendItemPageTest" time="27.176" errors="0" timestamp="2024-12-13T20:26:10 IST" skipped="0">
  <testcase classname="TestScripts.QALegendItemPageTest" name="addItem" time="7.810"/>
  <testcase classname="TestScripts.QALegendItemPageTest" name="editItem" time="10.395"/>
  <testcase classname="TestScripts.QALegendItemPageTest" name="deleteItem" time="8.971"/>
</testsuite> <!-- TestScripts.QALegendItemPageTest -->
