<?xml version="1.0" encoding="UTF-8"?>
<!-- Generated by org.testng.reporters.JUnitReportReporter -->
<testsuite hostname="DESKTOP-STK28R4" failures="0" tests="3" name="TestScripts.QALegendItemPageTest" time="33.109" errors="0" timestamp="2024-12-06T14:08:26 IST" skipped="0">
  <testcase classname="TestScripts.QALegendItemPageTest" name="addItem" time="9.637"/>
  <testcase classname="TestScripts.QALegendItemPageTest" name="editItem" time="13.880"/>
  <testcase classname="TestScripts.QALegendItemPageTest" name="deleteItem" time="9.592"/>
</testsuite> <!-- TestScripts.QALegendItemPageTest -->
