<?xml version="1.0" encoding="UTF-8"?>
<!-- Generated by org.testng.reporters.JUnitReportReporter -->
<testsuite hostname="DESKTOP-STK28R4" failures="0" tests="1" name="TestScripts.QALegendLoginPageTest" time="5.561" errors="0" timestamp="2024-12-06T13:52:50 IST" skipped="0">
  <testcase classname="TestScripts.QALegendLoginPageTest" name="invalidLogin" time="5.561"/>
</testsuite> <!-- TestScripts.QALegendLoginPageTest -->
