<?xml version="1.0" encoding="UTF-8"?>
<!-- Generated by org.testng.reporters.JUnitReportReporter -->
<testsuite hostname="DESKTOP-STK28R4" failures="0" tests="1" name="TestScripts.QALegendProjectsPageTest" time="12.522" errors="0" timestamp="2024-11-26T19:47:42 IST" skipped="0">
  <testcase classname="TestScripts.QALegendProjectsPageTest" name="addProject" time="12.522"/>
</testsuite> <!-- TestScripts.QALegendProjectsPageTest -->
